0 info it worked if it ends with ok
1 verbose cli [ 'node', '/usr/local/bin/npm', 'publish' ]
2 info using npm@2.6.1
3 info using node@v0.10.26
4 verbose publish [ '.' ]
5 silly cache add args [ '.', null ]
6 verbose cache add spec .
7 silly cache add parsed spec { raw: '.',
7 silly cache add   scope: null,
7 silly cache add   name: null,
7 silly cache add   rawSpec: '.',
7 silly cache add   spec: '/Users/iradchenko/sandbox/strider-node',
7 silly cache add   type: 'directory' }
8 verbose addLocalDirectory /Users/iradchenko/.npm/strider-node/0.5.2/package.tgz not in flight; packing
9 verbose tar pack [ '/Users/iradchenko/.npm/strider-node/0.5.2/package.tgz',
9 verbose tar pack   '/Users/iradchenko/sandbox/strider-node' ]
10 verbose tarball /Users/iradchenko/.npm/strider-node/0.5.2/package.tgz
11 verbose folder /Users/iradchenko/sandbox/strider-node
12 info prepublish strider-node@0.5.2
13 verbose addLocalTarball adding from inside cache /Users/iradchenko/.npm/strider-node/0.5.2/package.tgz
14 silly cache afterAdd strider-node@0.5.2
15 verbose afterAdd /Users/iradchenko/.npm/strider-node/0.5.2/package/package.json not in flight; writing
16 verbose afterAdd /Users/iradchenko/.npm/strider-node/0.5.2/package/package.json written
17 silly publish { name: 'strider-node',
17 silly publish   version: '0.5.2',
17 silly publish   description: 'Run Nodejs tests in Strider',
17 silly publish   main: 'worker.js',
17 silly publish   scripts: { test: 'jshint webapp.js worker.js lib/ && node test | tap-spec' },
17 silly publish   repository:
17 silly publish    { type: 'git',
17 silly publish      url: 'https://github.com/Strider-CD/strider-node' },
17 silly publish   keywords: [ 'strider', 'node' ],
17 silly publish   author: { name: 'Peter Braden' },
17 silly publish   license: 'BSD',
17 silly publish   dependencies:
17 silly publish    { npm: '>=1.4.0 <3.0.0',
17 silly publish      n: '^1.1.0',
17 silly publish      MD5: '^1.1.0',
17 silly publish      async: '^0.2.9',
17 silly publish      'fs-extra': '^0.8.1' },
17 silly publish   devDependencies: { jshint: '^2.3.0', 'tap-spec': '^2.1.0', tape: '^3.0.3' },
17 silly publish   strider:
17 silly publish    { id: 'node',
17 silly publish      type: 'job',
17 silly publish      title: 'Node',
17 silly publish      webapp: 'webapp.js',
17 silly publish      worker: 'worker.js',
17 silly publish      icon: 'icon.png',
17 silly publish      config: { controller: 'NodeController' },
17 silly publish      'build-status':
17 silly publish       { style: 'config/build.less',
17 silly publish         template: 'config/build.html',
17 silly publish         attrs: [Object] } },
17 silly publish   gitHead: '067c88645a23e7a30993c3d9e523cd95c14127d7',
17 silly publish   readme: '# Strider Node\n\nRun Node.js unit tests in strider. Assumes `npm test` runs your tests.\n\n[![NPM](https://nodei.co/npm/strider-node.png?downloads=true&stars=true)](https://nodei.co/npm/strider-node/)\n\n![Screenshot](screenshot.png)\n\n_Packaged with Strider by default._\n',
17 silly publish   readmeFilename: 'README.md',
17 silly publish   bugs: { url: 'https://github.com/Strider-CD/strider-node/issues' },
17 silly publish   homepage: 'https://github.com/Strider-CD/strider-node',
17 silly publish   _id: 'strider-node@0.5.2',
17 silly publish   _shasum: 'cfefdaffbd2d9591b4bdfa06573b7e299c16399d',
17 silly publish   _from: '.' }
18 silly mapToRegistry name strider-node
19 silly mapToRegistry using default registry
20 silly mapToRegistry registry https://registry.npmjs.org/
21 silly mapToRegistry uri https://registry.npmjs.org/strider-node
22 verbose publish registryBase https://registry.npmjs.org/
23 silly publish uploading /Users/iradchenko/.npm/strider-node/0.5.2/package.tgz
24 verbose request uri https://registry.npmjs.org/strider-node
25 verbose request sending authorization for write operation
26 info attempt registry request try #1 at 07:40:07
27 verbose request id 36eb98970979f6e2
28 http request PUT https://registry.npmjs.org/strider-node
29 http 403 https://registry.npmjs.org/strider-node
30 verbose headers { date: 'Sat, 28 Feb 2015 12:40:08 GMT',
30 verbose headers   server: 'CouchDB/1.5.0 (Erlang OTP/R16B03)',
30 verbose headers   'content-type': 'application/json',
30 verbose headers   'cache-control': 'max-age=60',
30 verbose headers   'content-length': '847',
30 verbose headers   'accept-ranges': 'bytes',
30 verbose headers   via: '1.1 varnish',
30 verbose headers   'x-served-by': 'cache-jfk1023-JFK',
30 verbose headers   'x-cache': 'MISS',
30 verbose headers   'x-cache-hits': '0',
30 verbose headers   'x-timer': 'S1425127207.826479,VS0,VE651',
30 verbose headers   'keep-alive': 'timeout=10, max=50',
30 verbose headers   connection: 'Keep-Alive' }
31 verbose request invalidating /Users/iradchenko/.npm/registry.npmjs.org/strider-node on PUT
32 error publish Failed PUT 403
33 verbose stack Error: forbidden user: knownasilya not authorized to modify strider-node
33 verbose stack Changed: dist-tags.latest "0.3.5" -> "0.5.2"
33 verbose stack Added: versions.0.5.2
33 verbose stack Changed: readme "# Strider Node\u000a\u000aRun Node.js unit tests in strider. Assumes `npm test` runs your tests.\u000a" -> "# Strider Node\u000a\u000aRun Node.js unit tests in strider. Assumes `npm test` runs your tests.\u000a\u000a[![NPM](https://nodei.co/npm/strider-node.png?downloads=true&stars=true)](https://nodei.co/npm/strider-node/)\u000a\u000a![Screenshot](screenshot.png)\u000a\u000a_Packaged with Strider by default._\u000a"
33 verbose stack Changed: time.modified "2014-06-27T15:16:53.162Z" -> "2015-02-28T12:40:08.415Z"
33 verbose stack Added: time.0.5.2
33 verbose stack Changed: readmeFilename "readme.md" -> "README.md"
33 verbose stack Added: homepage
33 verbose stack Added: repository
33 verbose stack Added: bugs
33 verbose stack Added: _attachments: strider-node
33 verbose stack     at CachingRegistryClient.<anonymous> (/usr/local/lib/node_modules/npm/node_modules/npm-registry-client/lib/request.js:254:14)
33 verbose stack     at Request._callback (/usr/local/lib/node_modules/npm/node_modules/npm-registry-client/lib/request.js:178:14)
33 verbose stack     at Request.self.callback (/usr/local/lib/node_modules/npm/node_modules/request/request.js:344:22)
33 verbose stack     at Request.EventEmitter.emit (events.js:98:17)
33 verbose stack     at Request.<anonymous> (/usr/local/lib/node_modules/npm/node_modules/request/request.js:1239:14)
33 verbose stack     at Request.EventEmitter.emit (events.js:117:20)
33 verbose stack     at IncomingMessage.<anonymous> (/usr/local/lib/node_modules/npm/node_modules/request/request.js:1187:12)
33 verbose stack     at IncomingMessage.EventEmitter.emit (events.js:117:20)
33 verbose stack     at _stream_readable.js:920:16
33 verbose stack     at process._tickCallback (node.js:415:13)
34 verbose statusCode 403
35 verbose pkgid strider-node
36 verbose cwd /Users/iradchenko/sandbox/strider-node
37 error Darwin 14.1.0
38 error argv "node" "/usr/local/bin/npm" "publish"
39 error node v0.10.26
40 error npm  v2.6.1
41 error code E403
42 error forbidden user: knownasilya not authorized to modify strider-node
42 error Changed: dist-tags.latest "0.3.5" -> "0.5.2"
42 error Added: versions.0.5.2
42 error Changed: readme "# Strider Node\u000a\u000aRun Node.js unit tests in strider. Assumes `npm test` runs your tests.\u000a" -> "# Strider Node\u000a\u000aRun Node.js unit tests in strider. Assumes `npm test` runs your tests.\u000a\u000a[![NPM](https://nodei.co/npm/strider-node.png?downloads=true&stars=true)](https://nodei.co/npm/strider-node/)\u000a\u000a![Screenshot](screenshot.png)\u000a\u000a_Packaged with Strider by default._\u000a"
42 error Changed: time.modified "2014-06-27T15:16:53.162Z" -> "2015-02-28T12:40:08.415Z"
42 error Added: time.0.5.2
42 error Changed: readmeFilename "readme.md" -> "README.md"
42 error Added: homepage
42 error Added: repository
42 error Added: bugs
42 error Added: _attachments: strider-node
43 error If you need help, you may report this error at:
43 error     <http://github.com/npm/npm/issues>
44 verbose exit [ 1, true ]
